app/build/intermediates/manifest_merge_blame_file/debug/manifest-merger-blame-debug-report.txt
1<?xml version="1.0" encoding="utf-8"?>
2<manifest xmlns:android="http://schemas.android.com/apk/res/android"
3    package="com.google.mlkit.vision.demo"
4    android:installLocation="auto"
5    android:versionCode="11"
6    android:versionName="1.11" >
7    <!--
8 CameraX libraries require minSdkVersion 21, while this quickstart app
9    supports low to 19. Needs to use overrideLibrary to make the merger tool
10    ignore this conflict and import the libraries while keeping the app's lower
11    minSdkVersion value. In code, will check SDK version, before calling CameraX
12    APIs.
13    -->
14    <uses-sdk
14-->src\main\AndroidManifest.xml:12:5-16:60
15        android:minSdkVersion="19"
15-->src\main\AndroidManifest.xml:12:5-16:60
16        android:targetSdkVersion="34" />
16-->src\main\AndroidManifest.xml:12:5-16:60
17
18    <uses-feature android:name="android.hardware.camera" />
18-->src\main\AndroidManifest.xml:18:5-59
18-->src\main\AndroidManifest.xml:18:19-57
19
20    <uses-permission android:name="android.permission.INTERNET" />
20-->src\main\AndroidManifest.xml:20:5-66
20-->src\main\AndroidManifest.xml:20:22-64
21    <uses-permission android:name="android.permission.WRITE_EXTERNAL_STORAGE" />
21-->src\main\AndroidManifest.xml:21:5-80
21-->src\main\AndroidManifest.xml:21:22-78
22    <uses-permission android:name="android.permission.READ_EXTERNAL_STORAGE" />
22-->src\main\AndroidManifest.xml:22:5-79
22-->src\main\AndroidManifest.xml:22:22-77
23    <uses-permission android:name="android.permission.CAMERA" />
23-->src\main\AndroidManifest.xml:23:5-64
23-->src\main\AndroidManifest.xml:23:22-62
24
25    <queries>
25-->src\main\AndroidManifest.xml:88:5-92:15
26        <intent>
26-->src\main\AndroidManifest.xml:89:9-91:18
27            <action android:name="android.media.action.IMAGE_CAPTURE" />
27-->src\main\AndroidManifest.xml:90:13-73
27-->src\main\AndroidManifest.xml:90:21-70
28        </intent>
29    </queries>
30
31    <!-- For remote config -->
32    <uses-permission android:name="android.permission.ACCESS_NETWORK_STATE" />
32-->[com.google.mlkit:pose-detection-common:18.0.0-beta4] AndroidManifest.xml:7:5-79
32-->[com.google.mlkit:pose-detection-common:18.0.0-beta4] AndroidManifest.xml:7:22-76
33    <uses-permission android:name="android.permission.WAKE_LOCK" />
33-->[androidx.work:work-runtime:2.7.0] AndroidManifest.xml:25:5-68
33-->[androidx.work:work-runtime:2.7.0] AndroidManifest.xml:25:22-65
34    <uses-permission android:name="android.permission.RECEIVE_BOOT_COMPLETED" />
34-->[androidx.work:work-runtime:2.7.0] AndroidManifest.xml:27:5-81
34-->[androidx.work:work-runtime:2.7.0] AndroidManifest.xml:27:22-78
35    <uses-permission android:name="android.permission.FOREGROUND_SERVICE" />
35-->[androidx.work:work-runtime:2.7.0] AndroidManifest.xml:28:5-77
35-->[androidx.work:work-runtime:2.7.0] AndroidManifest.xml:28:22-74
36
37    <permission
37-->[androidx.core:core:1.9.0] AndroidManifest.xml:22:5-24:47
38        android:name="com.google.mlkit.vision.demo.DYNAMIC_RECEIVER_NOT_EXPORTED_PERMISSION"
38-->[androidx.core:core:1.9.0] AndroidManifest.xml:23:9-81
39        android:protectionLevel="signature" />
39-->[androidx.core:core:1.9.0] AndroidManifest.xml:24:9-44
40
41    <uses-permission android:name="com.google.mlkit.vision.demo.DYNAMIC_RECEIVER_NOT_EXPORTED_PERMISSION" />
41-->[androidx.core:core:1.9.0] AndroidManifest.xml:26:5-97
41-->[androidx.core:core:1.9.0] AndroidManifest.xml:26:22-94
42
43    <application
43-->src\main\AndroidManifest.xml:25:5-87:19
44        android:name="androidx.multidex.MultiDexApplication"
44-->src\main\AndroidManifest.xml:26:9-61
45        android:appComponentFactory="androidx.core.app.CoreComponentFactory"
45-->[androidx.core:core:1.9.0] AndroidManifest.xml:28:18-86
46        android:debuggable="true"
47        android:icon="@mipmap/ic_launcher"
47-->src\main\AndroidManifest.xml:27:9-43
48        android:label="@string/app_name"
48-->src\main\AndroidManifest.xml:28:9-41
49        android:theme="@style/Theme.AppCompat.Light" >
49-->src\main\AndroidManifest.xml:29:9-53
50        <meta-data
50-->src\main\AndroidManifest.xml:31:9-33:68
51            android:name="com.google.android.gms.version"
51-->src\main\AndroidManifest.xml:32:13-58
52            android:value="@integer/google_play_services_version" />
52-->src\main\AndroidManifest.xml:33:13-66
53
54        <!--
55          Optional: Add it to automatically download ML model to device after
56          your app is installed.
57        -->
58        <meta-data
58-->src\main\AndroidManifest.xml:37:9-39:129
59            android:name="com.google.mlkit.vision.DEPENDENCIES"
59-->src\main\AndroidManifest.xml:38:13-64
60            android:value="barcode,face,ocr,ocr_chinese,ocr_devanagari,ocr_japanese,ocr_korean,ica,custom_ica,subject_segment" />
60-->src\main\AndroidManifest.xml:39:13-127
61
62        <activity
62-->src\main\AndroidManifest.xml:41:9-49:20
63            android:name="com.google.mlkit.vision.demo.kotlin.MainActivity"
63-->src\main\AndroidManifest.xml:42:13-48
64            android:exported="true"
64-->src\main\AndroidManifest.xml:43:13-36
65            android:theme="@style/SplashTheme" >
65-->src\main\AndroidManifest.xml:44:13-47
66            <intent-filter>
66-->src\main\AndroidManifest.xml:45:13-48:29
67                <action android:name="android.intent.action.MAIN" />
67-->src\main\AndroidManifest.xml:46:17-68
67-->src\main\AndroidManifest.xml:46:25-66
68
69                <category android:name="android.intent.category.LAUNCHER" />
69-->src\main\AndroidManifest.xml:47:17-76
69-->src\main\AndroidManifest.xml:47:27-74
70            </intent-filter>
71        </activity>
72        <activity
72-->src\main\AndroidManifest.xml:51:9-55:20
73            android:name="com.google.mlkit.vision.demo.kotlin.LivePreviewActivity"
73-->src\main\AndroidManifest.xml:52:13-55
74            android:exported="false"
74-->src\main\AndroidManifest.xml:53:13-37
75            android:theme="@style/AppTheme" >
75-->src\main\AndroidManifest.xml:54:13-44
76        </activity>
77        <activity
77-->src\main\AndroidManifest.xml:58:9-61:20
78            android:name="com.google.mlkit.vision.demo.kotlin.ChooserActivity"
78-->src\main\AndroidManifest.xml:59:13-51
79            android:exported="false" >
79-->src\main\AndroidManifest.xml:60:13-37
80        </activity>
81        <activity
81-->src\main\AndroidManifest.xml:65:9-69:20
82            android:name="com.google.mlkit.vision.demo.kotlin.CameraXLivePreviewActivity"
82-->src\main\AndroidManifest.xml:66:13-62
83            android:exported="false"
83-->src\main\AndroidManifest.xml:67:13-37
84            android:theme="@style/AppTheme" >
84-->src\main\AndroidManifest.xml:68:13-44
85        </activity>
86        <activity
86-->src\main\AndroidManifest.xml:71:9-75:20
87            android:name="com.google.mlkit.vision.demo.kotlin.CameraXSourceDemoActivity"
87-->src\main\AndroidManifest.xml:72:13-61
88            android:exported="false"
88-->src\main\AndroidManifest.xml:73:13-37
89            android:theme="@style/AppTheme" >
89-->src\main\AndroidManifest.xml:74:13-44
90        </activity>
91        <activity
91-->src\main\AndroidManifest.xml:77:9-81:20
92            android:name="com.google.mlkit.vision.demo.kotlin.StillImageActivity"
92-->src\main\AndroidManifest.xml:78:13-54
93            android:exported="false"
93-->src\main\AndroidManifest.xml:79:13-37
94            android:theme="@style/AppTheme" >
94-->src\main\AndroidManifest.xml:80:13-44
95        </activity>
96        <activity
96-->src\main\AndroidManifest.xml:83:9-85:39
97            android:name="com.google.mlkit.vision.demo.preference.SettingsActivity"
97-->src\main\AndroidManifest.xml:84:13-56
98            android:exported="false" />
98-->src\main\AndroidManifest.xml:85:13-37
99
100        <!--
101             Required for ML Kit Pose Detection GPU acceleration. Applications that target Android
102             S+ require explicit declaration of any referenced vendor-provided libraries.
103        -->
104        <uses-native-library
104-->[com.google.mlkit:pose-detection-common:18.0.0-beta4] AndroidManifest.xml:16:9-18:40
105            android:name="libOpenCL.so"
105-->[com.google.mlkit:pose-detection-common:18.0.0-beta4] AndroidManifest.xml:17:13-40
106            android:required="false" />
106-->[com.google.mlkit:pose-detection-common:18.0.0-beta4] AndroidManifest.xml:18:13-37
107        <uses-native-library
107-->[com.google.mlkit:pose-detection-common:18.0.0-beta4] AndroidManifest.xml:16:9-18:40
108            android:name="libOpenCL-car.so"
108-->[com.google.mlkit:pose-detection-common:18.0.0-beta4] AndroidManifest.xml:17:13-40
109            android:required="false" />
109-->[com.google.mlkit:pose-detection-common:18.0.0-beta4] AndroidManifest.xml:18:13-37
110        <uses-native-library
110-->[com.google.mlkit:pose-detection-common:18.0.0-beta4] AndroidManifest.xml:16:9-18:40
111            android:name="libOpenCL-pixel.so"
111-->[com.google.mlkit:pose-detection-common:18.0.0-beta4] AndroidManifest.xml:17:13-40
112            android:required="false" />
112-->[com.google.mlkit:pose-detection-common:18.0.0-beta4] AndroidManifest.xml:18:13-37
113
114        <service
114-->[com.google.mlkit:pose-detection-common:18.0.0-beta4] AndroidManifest.xml:26:9-32:19
115            android:name="com.google.mlkit.common.internal.MlKitComponentDiscoveryService"
115-->[com.google.mlkit:pose-detection-common:18.0.0-beta4] AndroidManifest.xml:27:13-91
116            android:directBootAware="true"
116-->[com.google.mlkit:common:18.10.0] AndroidManifest.xml:17:13-43
117            android:exported="false" >
117-->[com.google.mlkit:pose-detection-common:18.0.0-beta4] AndroidManifest.xml:28:13-37
118            <meta-data
118-->[com.google.mlkit:pose-detection-common:18.0.0-beta4] AndroidManifest.xml:29:13-31:85
119                android:name="com.google.firebase.components:com.google.mlkit.vision.pose.internal.PoseRegistrar"
119-->[com.google.mlkit:pose-detection-common:18.0.0-beta4] AndroidManifest.xml:30:17-114
120                android:value="com.google.firebase.components.ComponentRegistrar" />
120-->[com.google.mlkit:pose-detection-common:18.0.0-beta4] AndroidManifest.xml:31:17-82
121            <meta-data
121-->[com.google.mlkit:object-detection:17.0.1] AndroidManifest.xml:14:13-16:85
122                android:name="com.google.firebase.components:com.google.mlkit.vision.objects.defaults.internal.DefaultObjectsRegistrar"
122-->[com.google.mlkit:object-detection:17.0.1] AndroidManifest.xml:15:17-136
123                android:value="com.google.firebase.components.ComponentRegistrar" />
123-->[com.google.mlkit:object-detection:17.0.1] AndroidManifest.xml:16:17-82
124            <meta-data
124-->[com.google.mlkit:object-detection-custom:17.0.1] AndroidManifest.xml:11:13-13:85
125                android:name="com.google.firebase.components:com.google.mlkit.vision.objects.custom.internal.CustomObjectsRegistrar"
125-->[com.google.mlkit:object-detection-custom:17.0.1] AndroidManifest.xml:12:17-133
126                android:value="com.google.firebase.components.ComponentRegistrar" />
126-->[com.google.mlkit:object-detection-custom:17.0.1] AndroidManifest.xml:13:17-82
127            <meta-data
127-->[com.google.mlkit:image-labeling:17.0.8] AndroidManifest.xml:11:13-13:85
128                android:name="com.google.firebase.components:com.google.mlkit.vision.label.defaults.internal.BundledLabelRegistrar"
128-->[com.google.mlkit:image-labeling:17.0.8] AndroidManifest.xml:12:17-132
129                android:value="com.google.firebase.components.ComponentRegistrar" />
129-->[com.google.mlkit:image-labeling:17.0.8] AndroidManifest.xml:13:17-82
130            <meta-data
130-->[com.google.mlkit:image-labeling-custom:17.0.2] AndroidManifest.xml:11:13-13:85
131                android:name="com.google.firebase.components:com.google.mlkit.vision.label.custom.internal.CustomLabelRegistrar"
131-->[com.google.mlkit:image-labeling-custom:17.0.2] AndroidManifest.xml:12:17-129
132                android:value="com.google.firebase.components.ComponentRegistrar" />
132-->[com.google.mlkit:image-labeling-custom:17.0.2] AndroidManifest.xml:13:17-82
133            <meta-data
133-->[com.google.mlkit:segmentation-selfie:16.0.0-beta5] AndroidManifest.xml:12:13-14:85
134                android:name="com.google.firebase.components:com.google.mlkit.vision.segmentation.internal.SegmentationRegistrar"
134-->[com.google.mlkit:segmentation-selfie:16.0.0-beta5] AndroidManifest.xml:13:17-130
135                android:value="com.google.firebase.components.ComponentRegistrar" />
135-->[com.google.mlkit:segmentation-selfie:16.0.0-beta5] AndroidManifest.xml:14:17-82
136            <meta-data
136-->[com.google.mlkit:face-mesh-detection:16.0.0-beta2] AndroidManifest.xml:11:13-13:85
137                android:name="com.google.firebase.components:com.google.mlkit.vision.facemesh.internal.FaceMeshRegistrar"
137-->[com.google.mlkit:face-mesh-detection:16.0.0-beta2] AndroidManifest.xml:12:17-122
138                android:value="com.google.firebase.components.ComponentRegistrar" />
138-->[com.google.mlkit:face-mesh-detection:16.0.0-beta2] AndroidManifest.xml:13:17-82
139            <meta-data
139-->[com.google.android.gms:play-services-mlkit-subject-segmentation:16.0.0-beta1] AndroidManifest.xml:11:13-13:85
140                android:name="com.google.firebase.components:com.google.mlkit.vision.segmentation.subject.internal.SubjectSegmentationRegistrar"
140-->[com.google.android.gms:play-services-mlkit-subject-segmentation:16.0.0-beta1] AndroidManifest.xml:12:17-145
141                android:value="com.google.firebase.components.ComponentRegistrar" />
141-->[com.google.android.gms:play-services-mlkit-subject-segmentation:16.0.0-beta1] AndroidManifest.xml:13:17-82
142            <meta-data
142-->[com.google.android.gms:play-services-mlkit-barcode-scanning:18.3.0] AndroidManifest.xml:12:13-14:85
143                android:name="com.google.firebase.components:com.google.mlkit.vision.barcode.internal.BarcodeRegistrar"
143-->[com.google.android.gms:play-services-mlkit-barcode-scanning:18.3.0] AndroidManifest.xml:13:17-120
144                android:value="com.google.firebase.components.ComponentRegistrar" />
144-->[com.google.android.gms:play-services-mlkit-barcode-scanning:18.3.0] AndroidManifest.xml:14:17-82
145            <meta-data
145-->[com.google.mlkit:vision-internal-vkp:18.2.2] AndroidManifest.xml:14:13-16:85
146                android:name="com.google.firebase.components:com.google.mlkit.vision.vkp.VkpRegistrar"
146-->[com.google.mlkit:vision-internal-vkp:18.2.2] AndroidManifest.xml:15:17-103
147                android:value="com.google.firebase.components.ComponentRegistrar" />
147-->[com.google.mlkit:vision-internal-vkp:18.2.2] AndroidManifest.xml:16:17-82
148            <meta-data
148-->[com.google.android.gms:play-services-mlkit-face-detection:17.1.0] AndroidManifest.xml:12:13-14:85
149                android:name="com.google.firebase.components:com.google.mlkit.vision.face.internal.FaceRegistrar"
149-->[com.google.android.gms:play-services-mlkit-face-detection:17.1.0] AndroidManifest.xml:13:17-114
150                android:value="com.google.firebase.components.ComponentRegistrar" />
150-->[com.google.android.gms:play-services-mlkit-face-detection:17.1.0] AndroidManifest.xml:14:17-82
151            <meta-data
151-->[com.google.android.gms:play-services-mlkit-text-recognition-common:19.0.0] AndroidManifest.xml:12:13-14:85
152                android:name="com.google.firebase.components:com.google.mlkit.vision.text.internal.TextRegistrar"
152-->[com.google.android.gms:play-services-mlkit-text-recognition-common:19.0.0] AndroidManifest.xml:13:17-114
153                android:value="com.google.firebase.components.ComponentRegistrar" />
153-->[com.google.android.gms:play-services-mlkit-text-recognition-common:19.0.0] AndroidManifest.xml:14:17-82
154            <meta-data
154-->[com.google.mlkit:vision-common:17.3.0] AndroidManifest.xml:12:13-14:85
155                android:name="com.google.firebase.components:com.google.mlkit.vision.common.internal.VisionCommonRegistrar"
155-->[com.google.mlkit:vision-common:17.3.0] AndroidManifest.xml:13:17-124
156                android:value="com.google.firebase.components.ComponentRegistrar" />
156-->[com.google.mlkit:vision-common:17.3.0] AndroidManifest.xml:14:17-82
157            <meta-data
157-->[com.google.mlkit:common:18.10.0] AndroidManifest.xml:20:13-22:85
158                android:name="com.google.firebase.components:com.google.mlkit.common.internal.CommonComponentRegistrar"
158-->[com.google.mlkit:common:18.10.0] AndroidManifest.xml:21:17-120
159                android:value="com.google.firebase.components.ComponentRegistrar" />
159-->[com.google.mlkit:common:18.10.0] AndroidManifest.xml:22:17-82
160        </service>
161        <service
161-->[com.google.mlkit:acceleration:16.0.0-beta2] AndroidManifest.xml:8:9-11:68
162            android:name="com.google.mlkit.acceleration.internal.MlKitRemoteWorkerService"
162-->[com.google.mlkit:acceleration:16.0.0-beta2] AndroidManifest.xml:9:13-91
163            android:exported="false"
163-->[com.google.mlkit:acceleration:16.0.0-beta2] AndroidManifest.xml:10:13-37
164            android:process=":mlkit_acceleration_mini_benchmark" />
164-->[com.google.mlkit:acceleration:16.0.0-beta2] AndroidManifest.xml:11:13-65
165        <service
165-->[androidx.work:work-multiprocess:2.7.0] AndroidManifest.xml:25:9-27:40
166            android:name="androidx.work.multiprocess.RemoteWorkManagerService"
166-->[androidx.work:work-multiprocess:2.7.0] AndroidManifest.xml:26:13-79
167            android:exported="false" />
167-->[androidx.work:work-multiprocess:2.7.0] AndroidManifest.xml:27:13-37
168
169        <provider
169-->[com.google.mlkit:common:18.10.0] AndroidManifest.xml:9:9-13:38
170            android:name="com.google.mlkit.common.internal.MlKitInitProvider"
170-->[com.google.mlkit:common:18.10.0] AndroidManifest.xml:10:13-78
171            android:authorities="com.google.mlkit.vision.demo.mlkitinitprovider"
171-->[com.google.mlkit:common:18.10.0] AndroidManifest.xml:11:13-69
172            android:exported="false"
172-->[com.google.mlkit:common:18.10.0] AndroidManifest.xml:12:13-37
173            android:initOrder="99" />
173-->[com.google.mlkit:common:18.10.0] AndroidManifest.xml:13:13-35
174
175        <activity
175-->[com.google.android.gms:play-services-base:18.3.0] AndroidManifest.xml:20:9-22:45
176            android:name="com.google.android.gms.common.api.GoogleApiActivity"
176-->[com.google.android.gms:play-services-base:18.3.0] AndroidManifest.xml:20:19-85
177            android:exported="false"
177-->[com.google.android.gms:play-services-base:18.3.0] AndroidManifest.xml:22:19-43
178            android:theme="@android:style/Theme.Translucent.NoTitleBar" />
178-->[com.google.android.gms:play-services-base:18.3.0] AndroidManifest.xml:21:19-78
179
180        <provider
180-->[androidx.work:work-runtime:2.7.0] AndroidManifest.xml:31:9-39:20
181            android:name="androidx.startup.InitializationProvider"
181-->[androidx.work:work-runtime:2.7.0] AndroidManifest.xml:32:13-67
182            android:authorities="com.google.mlkit.vision.demo.androidx-startup"
182-->[androidx.work:work-runtime:2.7.0] AndroidManifest.xml:33:13-68
183            android:exported="false" >
183-->[androidx.work:work-runtime:2.7.0] AndroidManifest.xml:34:13-37
184            <meta-data
184-->[androidx.work:work-runtime:2.7.0] AndroidManifest.xml:36:13-38:52
185                android:name="androidx.work.WorkManagerInitializer"
185-->[androidx.work:work-runtime:2.7.0] AndroidManifest.xml:37:17-68
186                android:value="androidx.startup" />
186-->[androidx.work:work-runtime:2.7.0] AndroidManifest.xml:38:17-49
187            <meta-data
187-->[androidx.emoji2:emoji2:1.2.0] AndroidManifest.xml:29:13-31:52
188                android:name="androidx.emoji2.text.EmojiCompatInitializer"
188-->[androidx.emoji2:emoji2:1.2.0] AndroidManifest.xml:30:17-75
189                android:value="androidx.startup" />
189-->[androidx.emoji2:emoji2:1.2.0] AndroidManifest.xml:31:17-49
190            <meta-data
190-->[androidx.lifecycle:lifecycle-process:2.4.1] AndroidManifest.xml:31:13-33:52
191                android:name="androidx.lifecycle.ProcessLifecycleInitializer"
191-->[androidx.lifecycle:lifecycle-process:2.4.1] AndroidManifest.xml:32:17-78
192                android:value="androidx.startup" />
192-->[androidx.lifecycle:lifecycle-process:2.4.1] AndroidManifest.xml:33:17-49
193        </provider>
194
195        <service
195-->[androidx.work:work-runtime:2.7.0] AndroidManifest.xml:41:9-46:35
196            android:name="androidx.work.impl.background.systemalarm.SystemAlarmService"
196-->[androidx.work:work-runtime:2.7.0] AndroidManifest.xml:42:13-88
197            android:directBootAware="false"
197-->[androidx.work:work-runtime:2.7.0] AndroidManifest.xml:43:13-44
198            android:enabled="@bool/enable_system_alarm_service_default"
198-->[androidx.work:work-runtime:2.7.0] AndroidManifest.xml:44:13-72
199            android:exported="false" />
199-->[androidx.work:work-runtime:2.7.0] AndroidManifest.xml:45:13-37
200        <service
200-->[androidx.work:work-runtime:2.7.0] AndroidManifest.xml:47:9-53:35
201            android:name="androidx.work.impl.background.systemjob.SystemJobService"
201-->[androidx.work:work-runtime:2.7.0] AndroidManifest.xml:48:13-84
202            android:directBootAware="false"
202-->[androidx.work:work-runtime:2.7.0] AndroidManifest.xml:49:13-44
203            android:enabled="@bool/enable_system_job_service_default"
203-->[androidx.work:work-runtime:2.7.0] AndroidManifest.xml:50:13-70
204            android:exported="true"
204-->[androidx.work:work-runtime:2.7.0] AndroidManifest.xml:51:13-36
205            android:permission="android.permission.BIND_JOB_SERVICE" />
205-->[androidx.work:work-runtime:2.7.0] AndroidManifest.xml:52:13-69
206        <service
206-->[androidx.work:work-runtime:2.7.0] AndroidManifest.xml:54:9-59:35
207            android:name="androidx.work.impl.foreground.SystemForegroundService"
207-->[androidx.work:work-runtime:2.7.0] AndroidManifest.xml:55:13-81
208            android:directBootAware="false"
208-->[androidx.work:work-runtime:2.7.0] AndroidManifest.xml:56:13-44
209            android:enabled="@bool/enable_system_foreground_service_default"
209-->[androidx.work:work-runtime:2.7.0] AndroidManifest.xml:57:13-77
210            android:exported="false" />
210-->[androidx.work:work-runtime:2.7.0] AndroidManifest.xml:58:13-37
211
212        <receiver
212-->[androidx.work:work-runtime:2.7.0] AndroidManifest.xml:61:9-66:35
213            android:name="androidx.work.impl.utils.ForceStopRunnable$BroadcastReceiver"
213-->[androidx.work:work-runtime:2.7.0] AndroidManifest.xml:62:13-88
214            android:directBootAware="false"
214-->[androidx.work:work-runtime:2.7.0] AndroidManifest.xml:63:13-44
215            android:enabled="true"
215-->[androidx.work:work-runtime:2.7.0] AndroidManifest.xml:64:13-35
216            android:exported="false" />
216-->[androidx.work:work-runtime:2.7.0] AndroidManifest.xml:65:13-37
217        <receiver
217-->[androidx.work:work-runtime:2.7.0] AndroidManifest.xml:67:9-77:20
218            android:name="androidx.work.impl.background.systemalarm.ConstraintProxy$BatteryChargingProxy"
218-->[androidx.work:work-runtime:2.7.0] AndroidManifest.xml:68:13-106
219            android:directBootAware="false"
219-->[androidx.work:work-runtime:2.7.0] AndroidManifest.xml:69:13-44
220            android:enabled="false"
220-->[androidx.work:work-runtime:2.7.0] AndroidManifest.xml:70:13-36
221            android:exported="false" >
221-->[androidx.work:work-runtime:2.7.0] AndroidManifest.xml:71:13-37
222            <intent-filter>
222-->[androidx.work:work-runtime:2.7.0] AndroidManifest.xml:73:13-76:29
223                <action android:name="android.intent.action.ACTION_POWER_CONNECTED" />
223-->[androidx.work:work-runtime:2.7.0] AndroidManifest.xml:74:17-87
223-->[androidx.work:work-runtime:2.7.0] AndroidManifest.xml:74:25-84
224                <action android:name="android.intent.action.ACTION_POWER_DISCONNECTED" />
224-->[androidx.work:work-runtime:2.7.0] AndroidManifest.xml:75:17-90
224-->[androidx.work:work-runtime:2.7.0] AndroidManifest.xml:75:25-87
225            </intent-filter>
226        </receiver>
227        <receiver
227-->[androidx.work:work-runtime:2.7.0] AndroidManifest.xml:78:9-88:20
228            android:name="androidx.work.impl.background.systemalarm.ConstraintProxy$BatteryNotLowProxy"
228-->[androidx.work:work-runtime:2.7.0] AndroidManifest.xml:79:13-104
229            android:directBootAware="false"
229-->[androidx.work:work-runtime:2.7.0] AndroidManifest.xml:80:13-44
230            android:enabled="false"
230-->[androidx.work:work-runtime:2.7.0] AndroidManifest.xml:81:13-36
231            android:exported="false" >
231-->[androidx.work:work-runtime:2.7.0] AndroidManifest.xml:82:13-37
232            <intent-filter>
232-->[androidx.work:work-runtime:2.7.0] AndroidManifest.xml:84:13-87:29
233                <action android:name="android.intent.action.BATTERY_OKAY" />
233-->[androidx.work:work-runtime:2.7.0] AndroidManifest.xml:85:17-77
233-->[androidx.work:work-runtime:2.7.0] AndroidManifest.xml:85:25-74
234                <action android:name="android.intent.action.BATTERY_LOW" />
234-->[androidx.work:work-runtime:2.7.0] AndroidManifest.xml:86:17-76
234-->[androidx.work:work-runtime:2.7.0] AndroidManifest.xml:86:25-73
235            </intent-filter>
236        </receiver>
237        <receiver
237-->[androidx.work:work-runtime:2.7.0] AndroidManifest.xml:89:9-99:20
238            android:name="androidx.work.impl.background.systemalarm.ConstraintProxy$StorageNotLowProxy"
238-->[androidx.work:work-runtime:2.7.0] AndroidManifest.xml:90:13-104
239            android:directBootAware="false"
239-->[androidx.work:work-runtime:2.7.0] AndroidManifest.xml:91:13-44
240            android:enabled="false"
240-->[androidx.work:work-runtime:2.7.0] AndroidManifest.xml:92:13-36
241            android:exported="false" >
241-->[androidx.work:work-runtime:2.7.0] AndroidManifest.xml:93:13-37
242            <intent-filter>
242-->[androidx.work:work-runtime:2.7.0] AndroidManifest.xml:95:13-98:29
243                <action android:name="android.intent.action.DEVICE_STORAGE_LOW" />
243-->[androidx.work:work-runtime:2.7.0] AndroidManifest.xml:96:17-83
243-->[androidx.work:work-runtime:2.7.0] AndroidManifest.xml:96:25-80
244                <action android:name="android.intent.action.DEVICE_STORAGE_OK" />
244-->[androidx.work:work-runtime:2.7.0] AndroidManifest.xml:97:17-82
244-->[androidx.work:work-runtime:2.7.0] AndroidManifest.xml:97:25-79
245            </intent-filter>
246        </receiver>
247        <receiver
247-->[androidx.work:work-runtime:2.7.0] AndroidManifest.xml:100:9-109:20
248            android:name="androidx.work.impl.background.systemalarm.ConstraintProxy$NetworkStateProxy"
248-->[androidx.work:work-runtime:2.7.0] AndroidManifest.xml:101:13-103
249            android:directBootAware="false"
249-->[androidx.work:work-runtime:2.7.0] AndroidManifest.xml:102:13-44
250            android:enabled="false"
250-->[androidx.work:work-runtime:2.7.0] AndroidManifest.xml:103:13-36
251            android:exported="false" >
251-->[androidx.work:work-runtime:2.7.0] AndroidManifest.xml:104:13-37
252            <intent-filter>
252-->[androidx.work:work-runtime:2.7.0] AndroidManifest.xml:106:13-108:29
253                <action android:name="android.net.conn.CONNECTIVITY_CHANGE" />
253-->[androidx.work:work-runtime:2.7.0] AndroidManifest.xml:107:17-79
253-->[androidx.work:work-runtime:2.7.0] AndroidManifest.xml:107:25-76
254            </intent-filter>
255        </receiver>
256        <receiver
256-->[androidx.work:work-runtime:2.7.0] AndroidManifest.xml:110:9-121:20
257            android:name="androidx.work.impl.background.systemalarm.RescheduleReceiver"
257-->[androidx.work:work-runtime:2.7.0] AndroidManifest.xml:111:13-88
258            android:directBootAware="false"
258-->[androidx.work:work-runtime:2.7.0] AndroidManifest.xml:112:13-44
259            android:enabled="false"
259-->[androidx.work:work-runtime:2.7.0] AndroidManifest.xml:113:13-36
260            android:exported="false" >
260-->[androidx.work:work-runtime:2.7.0] AndroidManifest.xml:114:13-37
261            <intent-filter>
261-->[androidx.work:work-runtime:2.7.0] AndroidManifest.xml:116:13-120:29
262                <action android:name="android.intent.action.BOOT_COMPLETED" />
262-->[androidx.work:work-runtime:2.7.0] AndroidManifest.xml:117:17-79
262-->[androidx.work:work-runtime:2.7.0] AndroidManifest.xml:117:25-76
263                <action android:name="android.intent.action.TIME_SET" />
263-->[androidx.work:work-runtime:2.7.0] AndroidManifest.xml:118:17-73
263-->[androidx.work:work-runtime:2.7.0] AndroidManifest.xml:118:25-70
264                <action android:name="android.intent.action.TIMEZONE_CHANGED" />
264-->[androidx.work:work-runtime:2.7.0] AndroidManifest.xml:119:17-81
264-->[androidx.work:work-runtime:2.7.0] AndroidManifest.xml:119:25-78
265            </intent-filter>
266        </receiver>
267        <receiver
267-->[androidx.work:work-runtime:2.7.0] AndroidManifest.xml:122:9-131:20
268            android:name="androidx.work.impl.background.systemalarm.ConstraintProxyUpdateReceiver"
268-->[androidx.work:work-runtime:2.7.0] AndroidManifest.xml:123:13-99
269            android:directBootAware="false"
269-->[androidx.work:work-runtime:2.7.0] AndroidManifest.xml:124:13-44
270            android:enabled="@bool/enable_system_alarm_service_default"
270-->[androidx.work:work-runtime:2.7.0] AndroidManifest.xml:125:13-72
271            android:exported="false" >